<?xml version="1.0" encoding="UTF-8"?>
<!-- Generated by org.testng.reporters.JUnitXMLReporter -->
<testsuite ignored="0" hostname="DESKTOP-GTM5910" failures="0" tests="11" name="Test" time="22.527" errors="0" timestamp="2023-09-11T23:20:35 IST">
  <testcase classname="test.CartPageTest" name="@AfterMethod closebrowser" time="0.004">
    <failure type="java.lang.NullPointerException" message="Cannot invoke &amp;quot;com.aventstack.extentreports.ExtentTest.log(com.aventstack.extentreports.Status, String)&amp;quot; because &amp;quot;this.test&amp;quot; is null">
      <![CDATA[java.lang.NullPointerException: Cannot invoke "com.aventstack.extentreports.ExtentTest.log(com.aventstack.extentreports.Status, String)" because "this.test" is null
at test.CartPageTest.closebrowser(CartPageTest.java:80)
at java.base/java.util.ArrayList.forEach(ArrayList.java:1511)
... Removed 30 stack frames]]>
    </failure>
  </testcase> <!-- @AfterMethod closebrowser -->
  <testcase classname="test.CartPageTest" name="@BeforeMethod addProductTocart" time="0.0">
    <skipped/>
  </testcase> <!-- @BeforeMethod addProductTocart -->
  <testcase classname="test.CartPageTest" name="@AfterMethod closebrowser" time="0.0">
    <skipped/>
  </testcase> <!-- @AfterMethod closebrowser -->
  <testcase classname="test.CartPageTest" name="@BeforeMethod addProductTocart" time="0.0">
    <skipped/>
  </testcase> <!-- @BeforeMethod addProductTocart -->
  <testcase classname="test.CartPageTest" name="@AfterMethod closebrowser" time="0.0">
    <skipped/>
  </testcase> <!-- @AfterMethod closebrowser -->
  <testcase classname="test.LogOutPageTest" name="@AfterMethod closebrowser" time="0.001">
    <failure type="java.lang.NullPointerException" message="Cannot invoke &amp;quot;com.aventstack.extentreports.ExtentTest.log(com.aventstack.extentreports.Status, String)&amp;quot; because &amp;quot;this.test&amp;quot; is null">
      <![CDATA[java.lang.NullPointerException: Cannot invoke "com.aventstack.extentreports.ExtentTest.log(com.aventstack.extentreports.Status, String)" because "this.test" is null
at test.LogOutPageTest.closebrowser(LogOutPageTest.java:61)
at java.base/java.util.ArrayList.forEach(ArrayList.java:1511)
... Removed 30 stack frames]]>
    </failure>
  </testcase> <!-- @AfterMethod closebrowser -->
  <testcase classname="test.CheckoutPageTest" name="@AfterMethod closebrowser" time="0.001">
    <failure type="java.lang.NullPointerException" message="Cannot invoke &amp;quot;com.aventstack.extentreports.ExtentTest.log(com.aventstack.extentreports.Status, String)&amp;quot; because &amp;quot;this.test&amp;quot; is null">
      <![CDATA[java.lang.NullPointerException: Cannot invoke "com.aventstack.extentreports.ExtentTest.log(com.aventstack.extentreports.Status, String)" because "this.test" is null
at test.CheckoutPageTest.closebrowser(CheckoutPageTest.java:95)
at java.base/java.util.ArrayList.forEach(ArrayList.java:1511)
... Removed 30 stack frames]]>
    </failure>
  </testcase> <!-- @AfterMethod closebrowser -->
  <testcase classname="test.CheckoutPageTest" name="@BeforeMethod openChrome" time="0.0">
    <skipped/>
  </testcase> <!-- @BeforeMethod openChrome -->
  <testcase classname="test.CheckoutPageTest" name="@AfterMethod closebrowser" time="0.0">
    <skipped/>
  </testcase> <!-- @AfterMethod closebrowser -->
  <testcase classname="test.CheckoutPageTest" name="@BeforeMethod openChrome" time="0.0">
    <skipped/>
  </testcase> <!-- @BeforeMethod openChrome -->
  <testcase classname="test.CheckoutPageTest" name="@AfterMethod closebrowser" time="0.0">
    <skipped/>
  </testcase> <!-- @AfterMethod closebrowser -->
  <testcase classname="test.CartPageTest" name="@AfterTest publish" time="0.0">
    <skipped/>
  </testcase> <!-- @AfterTest publish -->
  <testcase classname="test.CheckoutPageTest" name="@AfterTest publish" time="0.0">
    <skipped/>
  </testcase> <!-- @AfterTest publish -->
  <testcase classname="test.LogOutPageTest" name="@AfterTest publish" time="0.0">
    <skipped/>
  </testcase> <!-- @AfterTest publish -->
  <testcase classname="test.LoginPageTest" name="@AfterTest publish" time="0.0">
    <skipped/>
  </testcase> <!-- @AfterTest publish -->
  <testcase classname="test.ProducDisplayPageTest" name="@AfterTest publish" time="0.0">
    <skipped/>
  </testcase> <!-- @AfterTest publish -->
  <testcase classname="test.CartPageTest" name="verifyUserNavigatetoYourCartPage" time="0.104"/>
  <testcase classname="test.CartPageTest" name="verifyIfUserAbletoCheckoutPage" time="0.0">
    <skipped/>
  </testcase> <!-- verifyIfUserAbletoCheckoutPage -->
  <testcase classname="test.CartPageTest" name="verifyUserAbletoContinueShopping" time="0.0">
    <skipped/>
  </testcase> <!-- verifyUserAbletoContinueShopping -->
  <testcase classname="test.ProducDisplayPageTest" name="verifyUserAbletoSeeProductDetailPage" time="0.266"/>
  <testcase classname="test.ProducDisplayPageTest" name="verifyUserAbletoAddProductToCart" time="0.313"/>
  <testcase classname="test.ProducDisplayPageTest" name="verifyUserAbletoGoBacktoProduct" time="0.396"/>
  <testcase classname="test.LoginPageTest" name="verifyUserAbletoLoginToSwagLabwithValidCreadential" time="0.382"/>
  <testcase classname="test.LogOutPageTest" name="VerifyUserAbletoLogout" time="0.721"/>
  <testcase classname="test.CheckoutPageTest" name="verifyUserAbletoGotoOverviewPage" time="0.358"/>
  <testcase classname="test.CheckoutPageTest" name="verifyUserAbletoFinishOrder" time="0.0">
    <skipped/>
  </testcase> <!-- verifyUserAbletoFinishOrder -->
  <testcase classname="test.CheckoutPageTest" name="verifyClickonCancellingOrder" time="0.0">
    <skipped/>
  </testcase> <!-- verifyClickonCancellingOrder -->
</testsuite> <!-- Test -->
